<?xml version="1.0" encoding="UTF-8"?>
<!-- Generated by org.testng.reporters.JUnitReportReporter -->
<testsuite skipped="0" hostname="Siddharths-MacBook-Pro-2.local" name="TestCases.LoginTestCases" tests="1" failures="0" timestamp="06 Nov 2020 12:50:20 GMT" time="19.122" errors="0">
  <testcase name="TEST_CASE_ONE" time="19.122" classname="TestCases.LoginTestCases"/>
</testsuite> <!-- TestCases.LoginTestCases -->
